0 info it worked if it ends with ok
1 verbose cli [ '/usr/local/bin/node', '/usr/local/bin/npm', 'publish' ]
2 info using npm@3.3.12
3 info using node@v5.1.0
4 verbose publish [ '.' ]
5 silly cache add args [ '.', null ]
6 verbose cache add spec .
7 silly cache add parsed spec Result {
7 silly cache add   raw: '.',
7 silly cache add   scope: null,
7 silly cache add   name: null,
7 silly cache add   rawSpec: '.',
7 silly cache add   spec: '/Users/e/dev/webpack-config-babel',
7 silly cache add   type: 'directory' }
8 verbose addLocalDirectory /Users/e/.npm/webpack-config-babel/0.0.1/package.tgz not in flight; packing
9 info lifecycle webpack-config-babel@0.0.1~prepublish: webpack-config-babel@0.0.1
10 silly lifecycle webpack-config-babel@0.0.1~prepublish: no script for prepublish, continuing
11 verbose tar pack [ '/Users/e/.npm/webpack-config-babel/0.0.1/package.tgz',
11 verbose tar pack   '/Users/e/dev/webpack-config-babel' ]
12 verbose tarball /Users/e/.npm/webpack-config-babel/0.0.1/package.tgz
13 verbose folder /Users/e/dev/webpack-config-babel
14 verbose addLocalTarball adding from inside cache /Users/e/.npm/webpack-config-babel/0.0.1/package.tgz
15 silly cache afterAdd webpack-config-babel@0.0.1
16 verbose afterAdd /Users/e/.npm/webpack-config-babel/0.0.1/package/package.json not in flight; writing
17 verbose afterAdd /Users/e/.npm/webpack-config-babel/0.0.1/package/package.json written
18 silly publish { name: 'webpack-config-babel',
18 silly publish   version: '0.0.1',
18 silly publish   description: 'Reusable Webpack config for Babel.',
18 silly publish   license: 'MIT',
18 silly publish   repository:
18 silly publish    { type: 'git',
18 silly publish      url: 'git+https://github.com/egoist/webpack-config-babel.git' },
18 silly publish   author:
18 silly publish    { name: 'EGOIST',
18 silly publish      email: '0x142857@gmail.com',
18 silly publish      url: 'github.com/egoist' },
18 silly publish   engines: { node: '>=4.0.0' },
18 silly publish   scripts: { test: 'echo lol' },
18 silly publish   files: [ 'index.js' ],
18 silly publish   dependencies:
18 silly publish    { 'babel-plugin-transform-runtime': '^6.4.0',
18 silly publish      'babel-preset-es2015': '^6.3.13',
18 silly publish      'babel-preset-react': '^6.3.13',
18 silly publish      'babel-preset-stage-0': '^6.3.13',
18 silly publish      'babel-runtime': '^5.8.34',
18 silly publish      'webpack-config-safetify': '^1.0.1' },
18 silly publish   readme: '# webpack-config-babel\n\n> Reusable Webpack config for Babel.\n\n## Install\n\n```\n$ npm install --save webpack-config-babel\n```\n\n## License\n\nMIT © [EGOIST](https://github.com/egoist)\n',
18 silly publish   readmeFilename: 'readme.md',
18 silly publish   gitHead: 'f57dffd4993738b7b5227a4ab45355655bfd2404',
18 silly publish   bugs: { url: 'https://github.com/egoist/webpack-config-babel/issues' },
18 silly publish   homepage: 'https://github.com/egoist/webpack-config-babel#readme',
18 silly publish   _id: 'webpack-config-babel@0.0.1',
18 silly publish   _shasum: '82e52476fa0cc926852a8ece5f9bd83387fd7259',
18 silly publish   _from: '.' }
19 verbose getPublishConfig undefined
20 silly mapToRegistry name webpack-config-babel
21 silly mapToRegistry using default registry
22 silly mapToRegistry registry https://registry.npmjs.org/
23 silly mapToRegistry uri https://registry.npmjs.org/webpack-config-babel
24 verbose publish registryBase https://registry.npmjs.org/
25 silly publish uploading /Users/e/.npm/webpack-config-babel/0.0.1/package.tgz
26 verbose request uri https://registry.npmjs.org/webpack-config-babel
27 verbose request sending authorization for write operation
28 info attempt registry request try #1 at 15:46:18
29 verbose request using bearer token for auth
30 verbose request id 6824ea064ec4d3a8
31 http request PUT https://registry.npmjs.org/webpack-config-babel
32 http 403 https://registry.npmjs.org/webpack-config-babel
33 verbose headers { 'content-type': 'application/json',
33 verbose headers   'cache-control': 'max-age=300',
33 verbose headers   'content-length': '112',
33 verbose headers   'accept-ranges': 'bytes',
33 verbose headers   date: 'Wed, 13 Jan 2016 07:46:19 GMT',
33 verbose headers   via: '1.1 varnish',
33 verbose headers   connection: 'keep-alive',
33 verbose headers   'x-served-by': 'cache-nrt6127-NRT',
33 verbose headers   'x-cache': 'MISS',
33 verbose headers   'x-cache-hits': '0',
33 verbose headers   'x-timer': 'S1452671179.137272,VS0,VE473' }
34 verbose request invalidating /Users/e/.npm/registry.npmjs.org/webpack-config-babel on PUT
35 error publish Failed PUT 403
36 verbose stack Error: You do not have permission to publish 'webpack-config-babel'. Are you logged in as the correct user? : webpack-config-babel
36 verbose stack     at makeError (/usr/local/lib/node_modules/npm/node_modules/npm-registry-client/lib/request.js:264:12)
36 verbose stack     at CachingRegistryClient.<anonymous> (/usr/local/lib/node_modules/npm/node_modules/npm-registry-client/lib/request.js:252:14)
36 verbose stack     at Request._callback (/usr/local/lib/node_modules/npm/node_modules/npm-registry-client/lib/request.js:172:14)
36 verbose stack     at Request.self.callback (/usr/local/lib/node_modules/npm/node_modules/request/request.js:198:22)
36 verbose stack     at emitTwo (events.js:87:13)
36 verbose stack     at Request.emit (events.js:172:7)
36 verbose stack     at Request.<anonymous> (/usr/local/lib/node_modules/npm/node_modules/request/request.js:1082:10)
36 verbose stack     at emitOne (events.js:82:20)
36 verbose stack     at Request.emit (events.js:169:7)
36 verbose stack     at IncomingMessage.<anonymous> (/usr/local/lib/node_modules/npm/node_modules/request/request.js:1009:12)
37 verbose statusCode 403
38 verbose pkgid webpack-config-babel
39 verbose cwd /Users/e/dev/webpack-config-babel
40 error Darwin 15.0.0
41 error argv "/usr/local/bin/node" "/usr/local/bin/npm" "publish"
42 error node v5.1.0
43 error npm  v3.3.12
44 error code E403
45 error You do not have permission to publish 'webpack-config-babel'. Are you logged in as the correct user? : webpack-config-babel
46 error If you need help, you may report this error at:
46 error     <https://github.com/npm/npm/issues>
47 verbose exit [ 1, true ]
